#
# There is insufficient memory for the Java Runtime Environment to continue.
# Native memory allocation (malloc) failed to allocate 262160 bytes. Error detail: Chunk::new
# Possible reasons:
#   The system is out of physical RAM or swap space
#   This process is running with CompressedOops enabled, and the Java Heap may be blocking the growth of the native heap
# Possible solutions:
#   Reduce memory load on the system
#   Increase physical memory or swap space
#   Check if swap backing store is full
#   Decrease Java heap size (-Xmx/-Xms)
#   Decrease number of Java threads
#   Decrease Java thread stack sizes (-Xss)
#   Set larger code cache with -XX:ReservedCodeCacheSize=
#   JVM is running with Zero Based Compressed Oops mode in which the Java heap is
#     placed in the first 32GB address space. The Java Heap base address is the
#     maximum limit for the native heap growth. Please use -XX:HeapBaseMinAddress
#     to set the Java Heap base and to place the Java Heap above 32GB virtual address.
# This output file may be truncated or incomplete.
#
#  Out of Memory Error (arena.cpp:149), pid=3556, tid=8608
#
# JRE version: OpenJDK Runtime Environment (23.0.2+7) (build 23.0.2+7-58)
# Java VM: OpenJDK 64-Bit Server VM (23.0.2+7-58, mixed mode, sharing, tiered, compressed oops, compressed class ptrs, g1 gc, windows-amd64)
# No core dump will be written. Minidumps are not enabled by default on client versions of Windows
#

---------------  S U M M A R Y ------------

Command Line: --enable-preview -javaagent:C:\Program Files\JetBrains\IntelliJ IDEA 2024.1\lib\idea_rt.jar=12481:C:\Program Files\JetBrains\IntelliJ IDEA 2024.1\bin -Dfile.encoding=UTF-8 -Dsun.stdout.encoding=UTF-8 -Dsun.stderr.encoding=UTF-8 --module-path=C:\Users\emira\IdeaProjects\CE216Project\lib\json-20250107.jar;C:\Users\emira\.m2\repository\org\openjfx\javafx-graphics\17.0.6\javafx-graphics-17.0.6-win.jar;C:\Users\emira\.m2\repository\org\openjfx\javafx-controls\17.0.6\javafx-controls-17.0.6-win.jar;C:\Users\emira\.m2\repository\org\openjfx\javafx-fxml\17.0.6\javafx-fxml-17.0.6-win.jar;C:\Users\emira\IdeaProjects\CE216Project\target\classes;C:\Users\emira\.m2\repository\org\openjfx\javafx-base\17.0.6\javafx-base-17.0.6-win.jar -Djdk.module.main=com.example.ce216project com.example.ce216project/com.example.ce216project.ArtifactCatalogApp

Host: 12th Gen Intel(R) Core(TM) i7-12700H, 20 cores, 15G,  Windows 11 , 64 bit Build 22621 (10.0.22621.4830)
Time: Fri Mar 14 23:41:05 2025 Türkiye Standart Saati elapsed time: 2.370604 seconds (0d 0h 0m 2s)

---------------  T H R E A D  ---------------

Current thread (0x000002547f732600):  JavaThread "C2 CompilerThread4" daemon [_thread_in_native, id=8608, stack(0x000000e4c7e00000,0x000000e4c7f00000) (1024K)]


Current CompileTask:
C2:2370 1524   !   4       com.sun.javafx.css.ParsedValueImpl::readBinary (688 bytes)

Stack: [0x000000e4c7e00000,0x000000e4c7f00000]
Native frames: (J=compiled Java code, j=interpreted, Vv=VM code, C=native code)
V  [jvm.dll+0x6e0b99]  (no source info available)
V  [jvm.dll+0x87e2b3]  (no source info available)
V  [jvm.dll+0x88073e]  (no source info available)
V  [jvm.dll+0x880e13]  (no source info available)
V  [jvm.dll+0x27b006]  (no source info available)
V  [jvm.dll+0xbc06f]  (no source info available)
V  [jvm.dll+0xbc45b]  (no source info available)
V  [jvm.dll+0xbbf1b]  (no source info available)
V  [jvm.dll+0x6bcbdc]  (no source info available)
V  [jvm.dll+0x24c2a9]  (no source info available)
V  [jvm.dll+0x7054fb]  (no source info available)
V  [jvm.dll+0x243ced]  (no source info available)
V  [jvm.dll+0x1c34b0]  (no source info available)
V  [jvm.dll+0x253df1]  (no source info available)
V  [jvm.dll+0x2520aa]  (no source info available)
V  [jvm.dll+0x3ee226]  (no source info available)
V  [jvm.dll+0x8254cb]  (no source info available)
V  [jvm.dll+0x6df345]  (no source info available)
C  [ucrtbase.dll+0x29333]  (no source info available)
C  [KERNEL32.DLL+0x1259d]  (no source info available)
C  [ntdll.dll+0x5af38]  (no source info available)

Lock stack of current Java thread (top to bottom):


---------------  P R O C E S S  ---------------

Threads class SMR info:
_java_thread_list=0x000002547f751920, length=24, elements={
0x000002541c0bdfb0, 0x000002543c424e60, 0x000002543c426d90, 0x000002543c428dc0,
0x000002543c429b50, 0x000002543c42c6c0, 0x000002543c4386c0, 0x000002543c436ce0,
0x000002543c437600, 0x000002543c6bb740, 0x000002543c6d7c70, 0x000002543c6d2300,
0x000002543c874ce0, 0x000002547e8faff0, 0x000002547e454d10, 0x000002547e352f40,
0x000002547e3528b0, 0x000002547e3542f0, 0x000002547e3535d0, 0x000002547e351500,
0x000002547f78da10, 0x000002547f71cd40, 0x000002547f7b3ef0, 0x000002547f732600
}

Java Threads: ( => current thread )
  0x000002541c0bdfb0 JavaThread "main"                              [_thread_blocked, id=25068, stack(0x000000e4c5200000,0x000000e4c5300000) (1024K)]
  0x000002543c424e60 JavaThread "Reference Handler"          daemon [_thread_blocked, id=13764, stack(0x000000e4c5a00000,0x000000e4c5b00000) (1024K)]
  0x000002543c426d90 JavaThread "Finalizer"                  daemon [_thread_blocked, id=24060, stack(0x000000e4c5b00000,0x000000e4c5c00000) (1024K)]
  0x000002543c428dc0 JavaThread "Signal Dispatcher"          daemon [_thread_blocked, id=20308, stack(0x000000e4c5c00000,0x000000e4c5d00000) (1024K)]
  0x000002543c429b50 JavaThread "Attach Listener"            daemon [_thread_blocked, id=15652, stack(0x000000e4c5d00000,0x000000e4c5e00000) (1024K)]
  0x000002543c42c6c0 JavaThread "Service Thread"             daemon [_thread_blocked, id=7480, stack(0x000000e4c5e00000,0x000000e4c5f00000) (1024K)]
  0x000002543c4386c0 JavaThread "Monitor Deflation Thread"   daemon [_thread_blocked, id=23336, stack(0x000000e4c5f00000,0x000000e4c6000000) (1024K)]
  0x000002543c436ce0 JavaThread "C2 CompilerThread0"         daemon [_thread_blocked, id=21932, stack(0x000000e4c6000000,0x000000e4c6100000) (1024K)]
  0x000002543c437600 JavaThread "C1 CompilerThread0"         daemon [_thread_blocked, id=9520, stack(0x000000e4c6100000,0x000000e4c6200000) (1024K)]
  0x000002543c6bb740 JavaThread "Common-Cleaner"             daemon [_thread_blocked, id=6464, stack(0x000000e4c6200000,0x000000e4c6300000) (1024K)]
  0x000002543c6d7c70 JavaThread "C1 CompilerThread1"         daemon [_thread_blocked, id=9204, stack(0x000000e4c6300000,0x000000e4c6400000) (1024K)]
  0x000002543c6d2300 JavaThread "C1 CompilerThread2"         daemon [_thread_blocked, id=6968, stack(0x000000e4c6400000,0x000000e4c6500000) (1024K)]
  0x000002543c874ce0 JavaThread "C1 CompilerThread3"         daemon [_thread_blocked, id=14848, stack(0x000000e4c6500000,0x000000e4c6600000) (1024K)]
  0x000002547e8faff0 JavaThread "Monitor Ctrl-Break"         daemon [_thread_in_native, id=7060, stack(0x000000e4c6b00000,0x000000e4c6c00000) (1024K)]
  0x000002547e454d10 JavaThread "Notification Thread"        daemon [_thread_blocked, id=15624, stack(0x000000e4c6c00000,0x000000e4c6d00000) (1024K)]
  0x000002547e352f40 JavaThread "QuantumRenderer-0"          daemon [_thread_blocked, id=20356, stack(0x000000e4c6900000,0x000000e4c6a00000) (1024K)]
  0x000002547e3528b0 JavaThread "InvokeLaterDispatcher"      daemon [_thread_blocked, id=13428, stack(0x000000e4c6600000,0x000000e4c6700000) (1024K)]
  0x000002547e3542f0 JavaThread "JavaFX Application Thread"         [_thread_in_vm, id=11300, stack(0x000000e4c6700000,0x000000e4c6800000) (1024K)]
  0x000002547e3535d0 JavaThread "Thread-1"                   daemon [_thread_in_native, id=2988, stack(0x000000e4c7900000,0x000000e4c7a00000) (1024K)]
  0x000002547e351500 JavaThread "JavaFX-Launcher"                   [_thread_blocked, id=13004, stack(0x000000e4c7a00000,0x000000e4c7b00000) (1024K)]
  0x000002547f78da10 JavaThread "C2 CompilerThread1"         daemon [_thread_blocked, id=25940, stack(0x000000e4c7b00000,0x000000e4c7c00000) (1024K)]
  0x000002547f71cd40 JavaThread "C2 CompilerThread2"         daemon [_thread_blocked, id=11864, stack(0x000000e4c7c00000,0x000000e4c7d00000) (1024K)]
  0x000002547f7b3ef0 JavaThread "C2 CompilerThread3"         daemon [_thread_blocked, id=14692, stack(0x000000e4c7d00000,0x000000e4c7e00000) (1024K)]
=>0x000002547f732600 JavaThread "C2 CompilerThread4"         daemon [_thread_in_native, id=8608, stack(0x000000e4c7e00000,0x000000e4c7f00000) (1024K)]
Total: 24

Other Threads:
  0x000002543c40c5b0 VMThread "VM Thread"                           [id=7096, stack(0x000000e4c5900000,0x000000e4c5a00000) (1024K)]
  0x000002543c3f9510 WatcherThread "VM Periodic Task Thread"        [id=15756, stack(0x000000e4c5800000,0x000000e4c5900000) (1024K)]
  0x000002541c1269c0 WorkerThread "GC Thread#0"                     [id=7092, stack(0x000000e4c5300000,0x000000e4c5400000) (1024K)]
  0x000002547f113590 WorkerThread "GC Thread#1"                     [id=25028, stack(0x000000e4c7000000,0x000000e4c7100000) (1024K)]
  0x000002547f5d1460 WorkerThread "GC Thread#2"                     [id=25616, stack(0x000000e4c7100000,0x000000e4c7200000) (1024K)]
  0x000002547f60be00 WorkerThread "GC Thread#3"                     [id=16844, stack(0x000000e4c7200000,0x000000e4c7300000) (1024K)]
  0x000002547f61c1f0 WorkerThread "GC Thread#4"                     [id=22632, stack(0x000000e4c7300000,0x000000e4c7400000) (1024K)]
  0x000002547f61e440 WorkerThread "GC Thread#5"                     [id=20488, stack(0x000000e4c7400000,0x000000e4c7500000) (1024K)]
  0x000002547f61d930 WorkerThread "GC Thread#6"                     [id=12732, stack(0x000000e4c7500000,0x000000e4c7600000) (1024K)]
  0x000002547f61ca70 WorkerThread "GC Thread#7"                     [id=24872, stack(0x000000e4c7600000,0x000000e4c7700000) (1024K)]
  0x000002547f61e090 WorkerThread "GC Thread#8"                     [id=11352, stack(0x000000e4c7700000,0x000000e4c7800000) (1024K)]
  0x000002547f61d580 WorkerThread "GC Thread#9"                     [id=13296, stack(0x000000e4c7800000,0x000000e4c7900000) (1024K)]
  0x000002541c13b670 ConcurrentGCThread "G1 Main Marker"            [id=18728, stack(0x000000e4c5400000,0x000000e4c5500000) (1024K)]
  0x000002541c13c180 WorkerThread "G1 Conc#0"                       [id=12032, stack(0x000000e4c5500000,0x000000e4c5600000) (1024K)]
  0x000002543c2cd6f0 ConcurrentGCThread "G1 Refine#0"               [id=20916, stack(0x000000e4c5600000,0x000000e4c5700000) (1024K)]
  0x000002543c2ce270 ConcurrentGCThread "G1 Service"                [id=28812, stack(0x000000e4c5700000,0x000000e4c5800000) (1024K)]
Total: 16

Threads with active compile tasks:
C2 CompilerThread4  2450 1524   !   4       com.sun.javafx.css.ParsedValueImpl::readBinary (688 bytes)
Total: 1

VM state: not at safepoint (normal execution)

VM Mutex/Monitor currently owned by a thread:  ([mutex/lock_event])
[0x00007fff2a202888] Metaspace_lock - owner thread: 0x000002547e3542f0

Heap address: 0x0000000704400000, size: 4028 MB, Compressed Oops mode: Zero based, Oop shift amount: 3

CDS archive(s) mapped at: [0x000002543d000000-0x000002543dd70000-0x000002543dd70000), size 14090240, SharedBaseAddress: 0x000002543d000000, ArchiveRelocationMode: 1.
Compressed class space mapped at: 0x000002543e000000-0x000002547e000000, reserved size: 1073741824
Narrow klass base: 0x000002543d000000, Narrow klass shift: 0, Narrow klass range: 0x41000000

GC Precious Log:
 CardTable entry size: 512
 Card Set container configuration: InlinePtr #cards 4 size 8 Array Of Cards #cards 16 size 48 Howl #buckets 8 coarsen threshold 3686 Howl Bitmap #cards 512 size 80 coarsen threshold 460 Card regions per heap region 1 cards per card region 4096
 CPUs: 20 total, 20 available
 Memory: 16110M
 Large Page Support: Disabled
 NUMA Support: Disabled
 Compressed Oops: Enabled (Zero based)
 Heap Region Size: 2M
 Heap Min Capacity: 8M
 Heap Initial Capacity: 252M
 Heap Max Capacity: 4028M
 Pre-touch: Disabled
 Parallel Workers: 15
 Concurrent Workers: 4
 Concurrent Refinement Workers: 15
 Periodic GC: Disabled

Heap:
 garbage-first heap   total reserved 4124672K, committed 258048K, used 20600K [0x0000000704400000, 0x0000000800000000)
  region size 2048K, 11 young (22528K), 2 survivors (4096K)
 Metaspace       used 8586K, committed 8768K, reserved 1114112K
  class space    used 1102K, committed 1152K, reserved 1048576K

Heap Regions: E=young(eden), S=young(survivor), O=old, HS=humongous(starts), HC=humongous(continues), CS=collection set, F=free, TAMS=top-at-mark-start, PB=parsable bottom
|   0|0x0000000704400000, 0x000000070441e000, 0x0000000704600000|  5%| O|  |TAMS 0x0000000704400000| PB 0x0000000704400000| Untracked |  0
|   1|0x0000000704600000, 0x0000000704600000, 0x0000000704800000|  0%| F|  |TAMS 0x0000000704600000| PB 0x0000000704600000| Untracked |  0
|   2|0x0000000704800000, 0x0000000704800000, 0x0000000704a00000|  0%| F|  |TAMS 0x0000000704800000| PB 0x0000000704800000| Untracked |  0
|   3|0x0000000704a00000, 0x0000000704a00000, 0x0000000704c00000|  0%| F|  |TAMS 0x0000000704a00000| PB 0x0000000704a00000| Untracked |  0
|   4|0x0000000704c00000, 0x0000000704c00000, 0x0000000704e00000|  0%| F|  |TAMS 0x0000000704c00000| PB 0x0000000704c00000| Untracked |  0
|   5|0x0000000704e00000, 0x0000000704e00000, 0x0000000705000000|  0%| F|  |TAMS 0x0000000704e00000| PB 0x0000000704e00000| Untracked |  0
|   6|0x0000000705000000, 0x0000000705000000, 0x0000000705200000|  0%| F|  |TAMS 0x0000000705000000| PB 0x0000000705000000| Untracked |  0
|   7|0x0000000705200000, 0x0000000705200000, 0x0000000705400000|  0%| F|  |TAMS 0x0000000705200000| PB 0x0000000705200000| Untracked |  0
|   8|0x0000000705400000, 0x0000000705400000, 0x0000000705600000|  0%| F|  |TAMS 0x0000000705400000| PB 0x0000000705400000| Untracked |  0
|   9|0x0000000705600000, 0x0000000705600000, 0x0000000705800000|  0%| F|  |TAMS 0x0000000705600000| PB 0x0000000705600000| Untracked |  0
|  10|0x0000000705800000, 0x0000000705800000, 0x0000000705a00000|  0%| F|  |TAMS 0x0000000705800000| PB 0x0000000705800000| Untracked |  0
|  11|0x0000000705a00000, 0x0000000705a00000, 0x0000000705c00000|  0%| F|  |TAMS 0x0000000705a00000| PB 0x0000000705a00000| Untracked |  0
|  12|0x0000000705c00000, 0x0000000705c00000, 0x0000000705e00000|  0%| F|  |TAMS 0x0000000705c00000| PB 0x0000000705c00000| Untracked |  0
|  13|0x0000000705e00000, 0x0000000705e00000, 0x0000000706000000|  0%| F|  |TAMS 0x0000000705e00000| PB 0x0000000705e00000| Untracked |  0
|  14|0x0000000706000000, 0x0000000706000000, 0x0000000706200000|  0%| F|  |TAMS 0x0000000706000000| PB 0x0000000706000000| Untracked |  0
|  15|0x0000000706200000, 0x0000000706200000, 0x0000000706400000|  0%| F|  |TAMS 0x0000000706200000| PB 0x0000000706200000| Untracked |  0
|  16|0x0000000706400000, 0x0000000706400000, 0x0000000706600000|  0%| F|  |TAMS 0x0000000706400000| PB 0x0000000706400000| Untracked |  0
|  17|0x0000000706600000, 0x0000000706600000, 0x0000000706800000|  0%| F|  |TAMS 0x0000000706600000| PB 0x0000000706600000| Untracked |  0
|  18|0x0000000706800000, 0x0000000706800000, 0x0000000706a00000|  0%| F|  |TAMS 0x0000000706800000| PB 0x0000000706800000| Untracked |  0
|  19|0x0000000706a00000, 0x0000000706a00000, 0x0000000706c00000|  0%| F|  |TAMS 0x0000000706a00000| PB 0x0000000706a00000| Untracked |  0
|  20|0x0000000706c00000, 0x0000000706c00000, 0x0000000706e00000|  0%| F|  |TAMS 0x0000000706c00000| PB 0x0000000706c00000| Untracked |  0
|  21|0x0000000706e00000, 0x0000000706e00000, 0x0000000707000000|  0%| F|  |TAMS 0x0000000706e00000| PB 0x0000000706e00000| Untracked |  0
|  22|0x0000000707000000, 0x0000000707000000, 0x0000000707200000|  0%| F|  |TAMS 0x0000000707000000| PB 0x0000000707000000| Untracked |  0
|  23|0x0000000707200000, 0x0000000707200000, 0x0000000707400000|  0%| F|  |TAMS 0x0000000707200000| PB 0x0000000707200000| Untracked |  0
|  24|0x0000000707400000, 0x0000000707400000, 0x0000000707600000|  0%| F|  |TAMS 0x0000000707400000| PB 0x0000000707400000| Untracked |  0
|  25|0x0000000707600000, 0x0000000707600000, 0x0000000707800000|  0%| F|  |TAMS 0x0000000707600000| PB 0x0000000707600000| Untracked |  0
|  26|0x0000000707800000, 0x0000000707800000, 0x0000000707a00000|  0%| F|  |TAMS 0x0000000707800000| PB 0x0000000707800000| Untracked |  0
|  27|0x0000000707a00000, 0x0000000707a00000, 0x0000000707c00000|  0%| F|  |TAMS 0x0000000707a00000| PB 0x0000000707a00000| Untracked |  0
|  28|0x0000000707c00000, 0x0000000707c00000, 0x0000000707e00000|  0%| F|  |TAMS 0x0000000707c00000| PB 0x0000000707c00000| Untracked |  0
|  29|0x0000000707e00000, 0x0000000707e00000, 0x0000000708000000|  0%| F|  |TAMS 0x0000000707e00000| PB 0x0000000707e00000| Untracked |  0
|  30|0x0000000708000000, 0x0000000708000000, 0x0000000708200000|  0%| F|  |TAMS 0x0000000708000000| PB 0x0000000708000000| Untracked |  0
|  31|0x0000000708200000, 0x0000000708200000, 0x0000000708400000|  0%| F|  |TAMS 0x0000000708200000| PB 0x0000000708200000| Untracked |  0
|  32|0x0000000708400000, 0x0000000708400000, 0x0000000708600000|  0%| F|  |TAMS 0x0000000708400000| PB 0x0000000708400000| Untracked |  0
|  33|0x0000000708600000, 0x0000000708600000, 0x0000000708800000|  0%| F|  |TAMS 0x0000000708600000| PB 0x0000000708600000| Untracked |  0
|  34|0x0000000708800000, 0x0000000708800000, 0x0000000708a00000|  0%| F|  |TAMS 0x0000000708800000| PB 0x0000000708800000| Untracked |  0
|  35|0x0000000708a00000, 0x0000000708a00000, 0x0000000708c00000|  0%| F|  |TAMS 0x0000000708a00000| PB 0x0000000708a00000| Untracked |  0
|  36|0x0000000708c00000, 0x0000000708c00000, 0x0000000708e00000|  0%| F|  |TAMS 0x0000000708c00000| PB 0x0000000708c00000| Untracked |  0
|  37|0x0000000708e00000, 0x0000000708e00000, 0x0000000709000000|  0%| F|  |TAMS 0x0000000708e00000| PB 0x0000000708e00000| Untracked |  0
|  38|0x0000000709000000, 0x0000000709000000, 0x0000000709200000|  0%| F|  |TAMS 0x0000000709000000| PB 0x0000000709000000| Untracked |  0
|  39|0x0000000709200000, 0x0000000709200000, 0x0000000709400000|  0%| F|  |TAMS 0x0000000709200000| PB 0x0000000709200000| Untracked |  0
|  40|0x0000000709400000, 0x0000000709400000, 0x0000000709600000|  0%| F|  |TAMS 0x0000000709400000| PB 0x0000000709400000| Untracked |  0
|  41|0x0000000709600000, 0x0000000709600000, 0x0000000709800000|  0%| F|  |TAMS 0x0000000709600000| PB 0x0000000709600000| Untracked |  0
|  42|0x0000000709800000, 0x0000000709800000, 0x0000000709a00000|  0%| F|  |TAMS 0x0000000709800000| PB 0x0000000709800000| Untracked |  0
|  43|0x0000000709a00000, 0x0000000709a00000, 0x0000000709c00000|  0%| F|  |TAMS 0x0000000709a00000| PB 0x0000000709a00000| Untracked |  0
|  44|0x0000000709c00000, 0x0000000709c00000, 0x0000000709e00000|  0%| F|  |TAMS 0x0000000709c00000| PB 0x0000000709c00000| Untracked |  0
|  45|0x0000000709e00000, 0x0000000709e00000, 0x000000070a000000|  0%| F|  |TAMS 0x0000000709e00000| PB 0x0000000709e00000| Untracked |  0
|  46|0x000000070a000000, 0x000000070a000000, 0x000000070a200000|  0%| F|  |TAMS 0x000000070a000000| PB 0x000000070a000000| Untracked |  0
|  47|0x000000070a200000, 0x000000070a200000, 0x000000070a400000|  0%| F|  |TAMS 0x000000070a200000| PB 0x000000070a200000| Untracked |  0
|  48|0x000000070a400000, 0x000000070a400000, 0x000000070a600000|  0%| F|  |TAMS 0x000000070a400000| PB 0x000000070a400000| Untracked |  0
|  49|0x000000070a600000, 0x000000070a600000, 0x000000070a800000|  0%| F|  |TAMS 0x000000070a600000| PB 0x000000070a600000| Untracked |  0
|  50|0x000000070a800000, 0x000000070a800000, 0x000000070aa00000|  0%| F|  |TAMS 0x000000070a800000| PB 0x000000070a800000| Untracked |  0
|  51|0x000000070aa00000, 0x000000070aa00000, 0x000000070ac00000|  0%| F|  |TAMS 0x000000070aa00000| PB 0x000000070aa00000| Untracked |  0
|  52|0x000000070ac00000, 0x000000070ac00000, 0x000000070ae00000|  0%| F|  |TAMS 0x000000070ac00000| PB 0x000000070ac00000| Untracked |  0
|  53|0x000000070ae00000, 0x000000070ae00000, 0x000000070b000000|  0%| F|  |TAMS 0x000000070ae00000| PB 0x000000070ae00000| Untracked |  0
|  54|0x000000070b000000, 0x000000070b000000, 0x000000070b200000|  0%| F|  |TAMS 0x000000070b000000| PB 0x000000070b000000| Untracked |  0
|  55|0x000000070b200000, 0x000000070b200000, 0x000000070b400000|  0%| F|  |TAMS 0x000000070b200000| PB 0x000000070b200000| Untracked |  0
|  56|0x000000070b400000, 0x000000070b400000, 0x000000070b600000|  0%| F|  |TAMS 0x000000070b400000| PB 0x000000070b400000| Untracked |  0
|  57|0x000000070b600000, 0x000000070b600000, 0x000000070b800000|  0%| F|  |TAMS 0x000000070b600000| PB 0x000000070b600000| Untracked |  0
|  58|0x000000070b800000, 0x000000070b800000, 0x000000070ba00000|  0%| F|  |TAMS 0x000000070b800000| PB 0x000000070b800000| Untracked |  0
|  59|0x000000070ba00000, 0x000000070ba00000, 0x000000070bc00000|  0%| F|  |TAMS 0x000000070ba00000| PB 0x000000070ba00000| Untracked |  0
|  60|0x000000070bc00000, 0x000000070bc00000, 0x000000070be00000|  0%| F|  |TAMS 0x000000070bc00000| PB 0x000000070bc00000| Untracked |  0
|  61|0x000000070be00000, 0x000000070be00000, 0x000000070c000000|  0%| F|  |TAMS 0x000000070be00000| PB 0x000000070be00000| Untracked |  0
|  62|0x000000070c000000, 0x000000070c000000, 0x000000070c200000|  0%| F|  |TAMS 0x000000070c000000| PB 0x000000070c000000| Untracked |  0
|  63|0x000000070c200000, 0x000000070c200000, 0x000000070c400000|  0%| F|  |TAMS 0x000000070c200000| PB 0x000000070c200000| Untracked |  0
|  64|0x000000070c400000, 0x000000070c400000, 0x000000070c600000|  0%| F|  |TAMS 0x000000070c400000| PB 0x000000070c400000| Untracked |  0
|  65|0x000000070c600000, 0x000000070c600000, 0x000000070c800000|  0%| F|  |TAMS 0x000000070c600000| PB 0x000000070c600000| Untracked |  0
|  66|0x000000070c800000, 0x000000070c800000, 0x000000070ca00000|  0%| F|  |TAMS 0x000000070c800000| PB 0x000000070c800000| Untracked |  0
|  67|0x000000070ca00000, 0x000000070ca00000, 0x000000070cc00000|  0%| F|  |TAMS 0x000000070ca00000| PB 0x000000070ca00000| Untracked |  0
|  68|0x000000070cc00000, 0x000000070cc00000, 0x000000070ce00000|  0%| F|  |TAMS 0x000000070cc00000| PB 0x000000070cc00000| Untracked |  0
|  69|0x000000070ce00000, 0x000000070ce00000, 0x000000070d000000|  0%| F|  |TAMS 0x000000070ce00000| PB 0x000000070ce00000| Untracked |  0
|  70|0x000000070d000000, 0x000000070d000000, 0x000000070d200000|  0%| F|  |TAMS 0x000000070d000000| PB 0x000000070d000000| Untracked |  0
|  71|0x000000070d200000, 0x000000070d200000, 0x000000070d400000|  0%| F|  |TAMS 0x000000070d200000| PB 0x000000070d200000| Untracked |  0
|  72|0x000000070d400000, 0x000000070d400000, 0x000000070d600000|  0%| F|  |TAMS 0x000000070d400000| PB 0x000000070d400000| Untracked |  0
|  73|0x000000070d600000, 0x000000070d600000, 0x000000070d800000|  0%| F|  |TAMS 0x000000070d600000| PB 0x000000070d600000| Untracked |  0
|  74|0x000000070d800000, 0x000000070d800000, 0x000000070da00000|  0%| F|  |TAMS 0x000000070d800000| PB 0x000000070d800000| Untracked |  0
|  75|0x000000070da00000, 0x000000070da00000, 0x000000070dc00000|  0%| F|  |TAMS 0x000000070da00000| PB 0x000000070da00000| Untracked |  0
|  76|0x000000070dc00000, 0x000000070dc00000, 0x000000070de00000|  0%| F|  |TAMS 0x000000070dc00000| PB 0x000000070dc00000| Untracked |  0
|  77|0x000000070de00000, 0x000000070de00000, 0x000000070e000000|  0%| F|  |TAMS 0x000000070de00000| PB 0x000000070de00000| Untracked |  0
|  78|0x000000070e000000, 0x000000070e000000, 0x000000070e200000|  0%| F|  |TAMS 0x000000070e000000| PB 0x000000070e000000| Untracked |  0
|  79|0x000000070e200000, 0x000000070e200000, 0x000000070e400000|  0%| F|  |TAMS 0x000000070e200000| PB 0x000000070e200000| Untracked |  0
|  80|0x000000070e400000, 0x000000070e400000, 0x000000070e600000|  0%| F|  |TAMS 0x000000070e400000| PB 0x000000070e400000| Untracked |  0
|  81|0x000000070e600000, 0x000000070e600000, 0x000000070e800000|  0%| F|  |TAMS 0x000000070e600000| PB 0x000000070e600000| Untracked |  0
|  82|0x000000070e800000, 0x000000070e800000, 0x000000070ea00000|  0%| F|  |TAMS 0x000000070e800000| PB 0x000000070e800000| Untracked |  0
|  83|0x000000070ea00000, 0x000000070ea00000, 0x000000070ec00000|  0%| F|  |TAMS 0x000000070ea00000| PB 0x000000070ea00000| Untracked |  0
|  84|0x000000070ec00000, 0x000000070ec00000, 0x000000070ee00000|  0%| F|  |TAMS 0x000000070ec00000| PB 0x000000070ec00000| Untracked |  0
|  85|0x000000070ee00000, 0x000000070ee00000, 0x000000070f000000|  0%| F|  |TAMS 0x000000070ee00000| PB 0x000000070ee00000| Untracked |  0
|  86|0x000000070f000000, 0x000000070f000000, 0x000000070f200000|  0%| F|  |TAMS 0x000000070f000000| PB 0x000000070f000000| Untracked |  0
|  87|0x000000070f200000, 0x000000070f200000, 0x000000070f400000|  0%| F|  |TAMS 0x000000070f200000| PB 0x000000070f200000| Untracked |  0
|  88|0x000000070f400000, 0x000000070f400000, 0x000000070f600000|  0%| F|  |TAMS 0x000000070f400000| PB 0x000000070f400000| Untracked |  0
|  89|0x000000070f600000, 0x000000070f600000, 0x000000070f800000|  0%| F|  |TAMS 0x000000070f600000| PB 0x000000070f600000| Untracked |  0
|  90|0x000000070f800000, 0x000000070f800000, 0x000000070fa00000|  0%| F|  |TAMS 0x000000070f800000| PB 0x000000070f800000| Untracked |  0
|  91|0x000000070fa00000, 0x000000070fa00000, 0x000000070fc00000|  0%| F|  |TAMS 0x000000070fa00000| PB 0x000000070fa00000| Untracked |  0
|  92|0x000000070fc00000, 0x000000070fc00000, 0x000000070fe00000|  0%| F|  |TAMS 0x000000070fc00000| PB 0x000000070fc00000| Untracked |  0
|  93|0x000000070fe00000, 0x000000070fe00000, 0x0000000710000000|  0%| F|  |TAMS 0x000000070fe00000| PB 0x000000070fe00000| Untracked |  0
|  94|0x0000000710000000, 0x0000000710000000, 0x0000000710200000|  0%| F|  |TAMS 0x0000000710000000| PB 0x0000000710000000| Untracked |  0
|  95|0x0000000710200000, 0x0000000710200000, 0x0000000710400000|  0%| F|  |TAMS 0x0000000710200000| PB 0x0000000710200000| Untracked |  0
|  96|0x0000000710400000, 0x0000000710400000, 0x0000000710600000|  0%| F|  |TAMS 0x0000000710400000| PB 0x0000000710400000| Untracked |  0
|  97|0x0000000710600000, 0x0000000710600000, 0x0000000710800000|  0%| F|  |TAMS 0x0000000710600000| PB 0x0000000710600000| Untracked |  0
|  98|0x0000000710800000, 0x0000000710800000, 0x0000000710a00000|  0%| F|  |TAMS 0x0000000710800000| PB 0x0000000710800000| Untracked |  0
|  99|0x0000000710a00000, 0x0000000710a00000, 0x0000000710c00000|  0%| F|  |TAMS 0x0000000710a00000| PB 0x0000000710a00000| Untracked |  0
| 100|0x0000000710c00000, 0x0000000710c00000, 0x0000000710e00000|  0%| F|  |TAMS 0x0000000710c00000| PB 0x0000000710c00000| Untracked |  0
| 101|0x0000000710e00000, 0x0000000710e00000, 0x0000000711000000|  0%| F|  |TAMS 0x0000000710e00000| PB 0x0000000710e00000| Untracked |  0
| 102|0x0000000711000000, 0x0000000711000000, 0x0000000711200000|  0%| F|  |TAMS 0x0000000711000000| PB 0x0000000711000000| Untracked |  0
| 103|0x0000000711200000, 0x0000000711200000, 0x0000000711400000|  0%| F|  |TAMS 0x0000000711200000| PB 0x0000000711200000| Untracked |  0
| 104|0x0000000711400000, 0x0000000711400000, 0x0000000711600000|  0%| F|  |TAMS 0x0000000711400000| PB 0x0000000711400000| Untracked |  0
| 105|0x0000000711600000, 0x0000000711600000, 0x0000000711800000|  0%| F|  |TAMS 0x0000000711600000| PB 0x0000000711600000| Untracked |  0
| 106|0x0000000711800000, 0x0000000711800000, 0x0000000711a00000|  0%| F|  |TAMS 0x0000000711800000| PB 0x0000000711800000| Untracked |  0
| 107|0x0000000711a00000, 0x0000000711a00000, 0x0000000711c00000|  0%| F|  |TAMS 0x0000000711a00000| PB 0x0000000711a00000| Untracked |  0
| 108|0x0000000711c00000, 0x0000000711c00000, 0x0000000711e00000|  0%| F|  |TAMS 0x0000000711c00000| PB 0x0000000711c00000| Untracked |  0
| 109|0x0000000711e00000, 0x0000000711e00000, 0x0000000712000000|  0%| F|  |TAMS 0x0000000711e00000| PB 0x0000000711e00000| Untracked |  0
| 110|0x0000000712000000, 0x0000000712000000, 0x0000000712200000|  0%| F|  |TAMS 0x0000000712000000| PB 0x0000000712000000| Untracked |  0
| 111|0x0000000712200000, 0x0000000712200000, 0x0000000712400000|  0%| F|  |TAMS 0x0000000712200000| PB 0x0000000712200000| Untracked |  0
| 112|0x0000000712400000, 0x0000000712600000, 0x0000000712600000|100%| S|CS|TAMS 0x0000000712400000| PB 0x0000000712400000| Complete |  0
| 113|0x0000000712600000, 0x0000000712800000, 0x0000000712800000|100%| S|CS|TAMS 0x0000000712600000| PB 0x0000000712600000| Complete |  0
| 114|0x0000000712800000, 0x0000000712800000, 0x0000000712a00000|  0%| F|  |TAMS 0x0000000712800000| PB 0x0000000712800000| Untracked |  0
| 115|0x0000000712a00000, 0x0000000712a00000, 0x0000000712c00000|  0%| F|  |TAMS 0x0000000712a00000| PB 0x0000000712a00000| Untracked |  0
| 116|0x0000000712c00000, 0x0000000712c00000, 0x0000000712e00000|  0%| F|  |TAMS 0x0000000712c00000| PB 0x0000000712c00000| Untracked |  0
| 117|0x0000000712e00000, 0x0000000712f2ab38, 0x0000000713000000| 58%| E|  |TAMS 0x0000000712e00000| PB 0x0000000712e00000| Complete |  0
| 118|0x0000000713000000, 0x0000000713200000, 0x0000000713200000|100%| E|CS|TAMS 0x0000000713000000| PB 0x0000000713000000| Complete |  0
| 119|0x0000000713200000, 0x0000000713400000, 0x0000000713400000|100%| E|CS|TAMS 0x0000000713200000| PB 0x0000000713200000| Complete |  0
| 120|0x0000000713400000, 0x0000000713600000, 0x0000000713600000|100%| E|CS|TAMS 0x0000000713400000| PB 0x0000000713400000| Complete |  0
| 121|0x0000000713600000, 0x0000000713800000, 0x0000000713800000|100%| E|CS|TAMS 0x0000000713600000| PB 0x0000000713600000| Complete |  0
| 122|0x0000000713800000, 0x0000000713a00000, 0x0000000713a00000|100%| E|CS|TAMS 0x0000000713800000| PB 0x0000000713800000| Complete |  0
| 123|0x0000000713a00000, 0x0000000713c00000, 0x0000000713c00000|100%| E|CS|TAMS 0x0000000713a00000| PB 0x0000000713a00000| Complete |  0
| 124|0x0000000713c00000, 0x0000000713e00000, 0x0000000713e00000|100%| E|CS|TAMS 0x0000000713c00000| PB 0x0000000713c00000| Complete |  0
| 125|0x0000000713e00000, 0x0000000714000000, 0x0000000714000000|100%| E|CS|TAMS 0x0000000713e00000| PB 0x0000000713e00000| Complete |  0

Card table byte_map: [0x0000025434b90000,0x0000025435370000] _byte_map_base: 0x000002543136e000

Marking Bits: (CMBitMap*) 0x000002541c1270d0
 Bits: [0x0000025435370000, 0x0000025439260000)

Polling page: 0x0000025419ed0000

Metaspace:

Usage:
  Non-class:      7.31 MB used.
      Class:      1.08 MB used.
       Both:      8.39 MB used.

Virtual space:
  Non-class space:       64.00 MB reserved,       7.44 MB ( 12%) committed,  1 nodes.
      Class space:        1.00 GB reserved,       1.12 MB ( <1%) committed,  1 nodes.
             Both:        1.06 GB reserved,       8.56 MB ( <1%) committed. 

Chunk freelists:
   Non-Class:  7.95 MB
       Class:  14.75 MB
        Both:  22.70 MB

MaxMetaspaceSize: unlimited
CompressedClassSpaceSize: 1.00 GB
Initial GC threshold: 21.00 MB
Current GC threshold: 21.00 MB
CDS: on
 - commit_granule_bytes: 65536.
 - commit_granule_words: 8192.
 - virtual_space_node_default_size: 8388608.
 - enlarge_chunks_in_place: 1.
 - use_allocation_guard: 0.


Internal statistics:

num_allocs_failed_limit: 0.
num_arena_births: 162.
num_arena_deaths: 0.
num_vsnodes_births: 2.
num_vsnodes_deaths: 0.
num_space_committed: 137.
num_space_uncommitted: 0.
num_chunks_returned_to_freelist: 0.
num_chunks_taken_from_freelist: 379.
num_chunk_merges: 0.
num_chunk_splits: 257.
num_chunks_enlarged: 192.
num_inconsistent_stats: 0.

CodeHeap 'non-profiled nmethods': size=119232Kb used=507Kb max_used=507Kb free=118724Kb
 bounds [0x000002542c380000, 0x000002542c5f0000, 0x00000254337f0000]
CodeHeap 'profiled nmethods': size=119104Kb used=2039Kb max_used=2039Kb free=117064Kb
 bounds [0x00000254247f0000, 0x0000025424a60000, 0x000002542bc40000]
CodeHeap 'non-nmethods': size=7424Kb used=3216Kb max_used=3239Kb free=4207Kb
 bounds [0x000002542bc40000, 0x000002542bf70000, 0x000002542c380000]
CodeCache: size=245760Kb, used=5762Kb, max_used=5785Kb, free=239995Kb
 total_blobs=2175, nmethods=1558, adapters=520, full_count=0
Compilation: enabled, stopped_count=0, restarted_count=0

Compilation events (20 events):
Event: 2.335 Thread 0x000002543c6d7c70 1527       3       java.util.HashMap::comparableClassFor (115 bytes)
Event: 2.336 Thread 0x000002543c436ce0 1528       4       java.util.HashMap::getNode (150 bytes)
Event: 2.336 Thread 0x000002543c6d7c70 nmethod 1527 0x00000254249def08 code [0x00000254249df0e0, 0x00000254249dfa30]
Event: 2.337 Thread 0x000002543c6d7c70 1529       3       java.util.HashMap$TreeNode::<init> (10 bytes)
Event: 2.337 Thread 0x000002543c437600 1530       3       java.util.HashMap$TreeNode::rotateLeft (91 bytes)
Event: 2.337 Thread 0x000002543c6d7c70 nmethod 1529 0x00000254249dfa88 code [0x00000254249dfba0, 0x00000254249dfcd8]
Event: 2.337 Thread 0x000002543c437600 nmethod 1530 0x00000254249dfd88 code [0x00000254249dfec0, 0x00000254249e03b0]
Event: 2.338 Thread 0x000002547f78da10 1531       4       java.util.HashMap::get (19 bytes)
Event: 2.343 Thread 0x000002543c6d7c70 1533       3       jdk.internal.org.objectweb.asm.Handler::putExceptionTable (63 bytes)
Event: 2.345 Thread 0x000002543c6d7c70 nmethod 1533 0x00000254249e0408 code [0x00000254249e05a0, 0x00000254249e0a20]
Event: 2.346 Thread 0x000002543c6d7c70 1534       3       java.util.Arrays::equals (43 bytes)
Event: 2.347 Thread 0x000002543c6d7c70 nmethod 1534 0x00000254249e0a88 code [0x00000254249e0be0, 0x00000254249e0e90]
Event: 2.349 Thread 0x000002543c6d2300 1535       3       java.util.HashSet::contains (9 bytes)
Event: 2.349 Thread 0x000002543c6d2300 nmethod 1535 0x00000254249e0f08 code [0x00000254249e1020, 0x00000254249e1200]
Event: 2.354 Thread 0x000002543c436ce0 nmethod 1528 0x000002542c3fb488 code [0x000002542c3fb5e0, 0x000002542c3fb948]
Event: 2.357 Thread 0x000002543c436ce0 1532       4       jdk.internal.misc.Unsafe::getLongUnaligned (12 bytes)
Event: 2.357 Thread 0x000002547f78da10 nmethod 1531 0x000002542c3fb988 code [0x000002542c3fbae0, 0x000002542c3fbe58]
Event: 2.359 Thread 0x000002543c436ce0 nmethod 1532 0x000002542c3fbf08 code [0x000002542c3fc000, 0x000002542c3fc0c0]
Event: 2.361 Thread 0x000002547f71cd40 nmethod 1526 0x000002542c3fc208 code [0x000002542c3fc340, 0x000002542c3fc7e8]
Event: 2.364 Thread 0x000002547f7b3ef0 nmethod 1523 0x000002542c3fc888 code [0x000002542c3fc9c0, 0x000002542c3fd0c8]

GC Heap History (2 events):
Event: 1.919 GC heap before
{Heap before GC invocations=0 (full 0):
 garbage-first heap   total reserved 4124672K, committed 258048K, used 22528K [0x0000000704400000, 0x0000000800000000)
  region size 2048K, 12 young (24576K), 0 survivors (0K)
 Metaspace       used 4684K, committed 4864K, reserved 1114112K
  class space    used 506K, committed 576K, reserved 1048576K
}
Event: 1.926 GC heap after
{Heap after GC invocations=1 (full 0):
 garbage-first heap   total reserved 4124672K, committed 258048K, used 4216K [0x0000000704400000, 0x0000000800000000)
  region size 2048K, 2 young (4096K), 2 survivors (4096K)
 Metaspace       used 4684K, committed 4864K, reserved 1114112K
  class space    used 506K, committed 576K, reserved 1048576K
}

Dll operation events (20 events):
Event: 1.165 Loaded shared library C:\Users\emira\.openjfx\cache\17.0.6\api-ms-win-crt-heap-l1-1-0.dll
Event: 1.173 Loaded shared library C:\Users\emira\.openjfx\cache\17.0.6\api-ms-win-crt-locale-l1-1-0.dll
Event: 1.183 Loaded shared library C:\Users\emira\.openjfx\cache\17.0.6\api-ms-win-crt-math-l1-1-0.dll
Event: 1.195 Loaded shared library C:\Users\emira\.openjfx\cache\17.0.6\api-ms-win-crt-multibyte-l1-1-0.dll
Event: 1.205 Loaded shared library C:\Users\emira\.openjfx\cache\17.0.6\api-ms-win-crt-private-l1-1-0.dll
Event: 1.211 Loaded shared library C:\Users\emira\.openjfx\cache\17.0.6\api-ms-win-crt-process-l1-1-0.dll
Event: 1.218 Loaded shared library C:\Users\emira\.openjfx\cache\17.0.6\api-ms-win-crt-runtime-l1-1-0.dll
Event: 1.227 Loaded shared library C:\Users\emira\.openjfx\cache\17.0.6\api-ms-win-crt-stdio-l1-1-0.dll
Event: 1.235 Loaded shared library C:\Users\emira\.openjfx\cache\17.0.6\api-ms-win-crt-string-l1-1-0.dll
Event: 1.241 Loaded shared library C:\Users\emira\.openjfx\cache\17.0.6\api-ms-win-crt-time-l1-1-0.dll
Event: 1.247 Loaded shared library C:\Users\emira\.openjfx\cache\17.0.6\api-ms-win-crt-utility-l1-1-0.dll
Event: 1.286 Loaded shared library C:\Users\emira\.openjfx\cache\17.0.6\ucrtbase.dll
Event: 1.297 Loaded shared library C:\Users\emira\.openjfx\cache\17.0.6\vcruntime140.dll
Event: 1.302 Loaded shared library C:\Users\emira\.openjfx\cache\17.0.6\vcruntime140_1.dll
Event: 1.324 Loaded shared library C:\Users\emira\.openjfx\cache\17.0.6\msvcp140.dll
Event: 1.332 Loaded shared library C:\Users\emira\.openjfx\cache\17.0.6\msvcp140_1.dll
Event: 1.342 Loaded shared library C:\Users\emira\.openjfx\cache\17.0.6\msvcp140_2.dll
Event: 1.443 Loaded shared library C:\Users\emira\.openjfx\cache\17.0.6\prism_d3d.dll
Event: 1.694 Loaded shared library C:\Users\emira\.openjfx\cache\17.0.6\glass.dll
Event: 2.145 Loaded shared library C:\Users\emira\.openjfx\cache\17.0.6\javafx_font.dll

Deoptimization events (20 events):
Event: 2.171 Thread 0x000002547e3542f0 Uncommon trap: trap_request=0xffffffde fr.pc=0x000002542c3ce0f8 relative=0x0000000000001058
Event: 2.171 Thread 0x000002547e3542f0 Uncommon trap: reason=class_check action=maybe_recompile pc=0x000002542c3ce0f8 method=java.io.BufferedInputStream.implRead([BII)I @ 100 c2
Event: 2.172 Thread 0x000002547e3542f0 DEOPT PACKING pc=0x000002542c3ce0f8 sp=0x000000e4c67fd4b0
Event: 2.172 Thread 0x000002547e3542f0 DEOPT UNPACKING pc=0x000002542bc94402 sp=0x000000e4c67fd390 mode 2
Event: 2.176 Thread 0x000002547e3542f0 Uncommon trap: trap_request=0xffffffde fr.pc=0x000002542c3ce0f8 relative=0x0000000000001058
Event: 2.176 Thread 0x000002547e3542f0 Uncommon trap: reason=class_check action=maybe_recompile pc=0x000002542c3ce0f8 method=java.io.BufferedInputStream.implRead([BII)I @ 100 c2
Event: 2.176 Thread 0x000002547e3542f0 DEOPT PACKING pc=0x000002542c3ce0f8 sp=0x000000e4c67fd170
Event: 2.176 Thread 0x000002547e3542f0 DEOPT UNPACKING pc=0x000002542bc94402 sp=0x000000e4c67fd050 mode 2
Event: 2.179 Thread 0x000002547e3542f0 Uncommon trap: trap_request=0xffffffde fr.pc=0x000002542c3d1958 relative=0x0000000000000e58
Event: 2.179 Thread 0x000002547e3542f0 Uncommon trap: reason=class_check action=maybe_recompile pc=0x000002542c3d1958 method=java.io.BufferedInputStream.implRead([BII)I @ 100 c2
Event: 2.180 Thread 0x000002547e3542f0 DEOPT PACKING pc=0x000002542c3d1958 sp=0x000000e4c67fd430
Event: 2.180 Thread 0x000002547e3542f0 DEOPT UNPACKING pc=0x000002542bc94402 sp=0x000000e4c67fd388 mode 2
Event: 2.279 Thread 0x000002547e3542f0 Uncommon trap: trap_request=0xffffff45 fr.pc=0x000002542c3f7c54 relative=0x0000000000000534
Event: 2.279 Thread 0x000002547e3542f0 Uncommon trap: reason=unstable_if action=reinterpret pc=0x000002542c3f7c54 method=java.util.HashMap.getNode(Ljava/lang/Object;)Ljava/util/HashMap$Node; @ 85 c2
Event: 2.279 Thread 0x000002547e3542f0 DEOPT PACKING pc=0x000002542c3f7c54 sp=0x000000e4c67fd6c0
Event: 2.279 Thread 0x000002547e3542f0 DEOPT UNPACKING pc=0x000002542bc94402 sp=0x000000e4c67fd630 mode 2
Event: 2.319 Thread 0x000002547e3542f0 Uncommon trap: trap_request=0xffffff45 fr.pc=0x000002542c3f86f8 relative=0x0000000000000458
Event: 2.319 Thread 0x000002547e3542f0 Uncommon trap: reason=unstable_if action=reinterpret pc=0x000002542c3f86f8 method=java.util.HashMap.getNode(Ljava/lang/Object;)Ljava/util/HashMap$Node; @ 131 c2
Event: 2.319 Thread 0x000002547e3542f0 DEOPT PACKING pc=0x000002542c3f86f8 sp=0x000000e4c67fd6f0
Event: 2.319 Thread 0x000002547e3542f0 DEOPT UNPACKING pc=0x000002542bc94402 sp=0x000000e4c67fd600 mode 2

Classes loaded (20 events):
Event: 2.156 Loading class sun/net/www/protocol/jar/URLJarFile$URLJarFileEntry
Event: 2.156 Loading class sun/net/www/protocol/jar/URLJarFile$URLJarFileEntry done
Event: 2.156 Loading class sun/net/www/protocol/jar/JarURLConnection$JarURLInputStream
Event: 2.156 Loading class sun/net/www/protocol/jar/JarURLConnection$JarURLInputStream done
Event: 2.187 Loading class java/util/AbstractList$RandomAccessSubList
Event: 2.187 Loading class java/util/AbstractList$SubList
Event: 2.188 Loading class java/util/AbstractList$SubList done
Event: 2.188 Loading class java/util/AbstractList$RandomAccessSubList done
Event: 2.189 Loading class java/util/AbstractList$SubList$1
Event: 2.190 Loading class java/util/AbstractList$SubList$1 done
Event: 2.190 Loading class java/util/AbstractList$ListItr
Event: 2.191 Loading class java/util/AbstractList$ListItr done
Event: 2.339 Loading class java/util/WeakHashMap$Values
Event: 2.340 Loading class java/util/WeakHashMap$Values done
Event: 2.340 Loading class java/util/WeakHashMap$ValueIterator
Event: 2.341 Loading class java/util/WeakHashMap$ValueIterator done
Event: 2.342 Loading class java/util/EventListener
Event: 2.342 Loading class java/util/EventListener done
Event: 2.348 Loading class java/lang/CloneNotSupportedException
Event: 2.348 Loading class java/lang/CloneNotSupportedException done

Classes unloaded (0 events):
No events

Classes redefined (0 events):
No events

Internal exceptions (20 events):
Event: 0.665 Thread 0x000002547e8faff0 Exception <a 'java/lang/ClassNotFoundException'{0x000000071367f2b8}: jdk/net/ExtendedSocketOptions> (0x000000071367f2b8) 
thrown [s\open\src\hotspot\share\classfile\systemDictionary.cpp, line 313]
Event: 0.673 Thread 0x000002547e8faff0 Exception <a 'java/lang/NoSuchMethodError'{0x0000000713680a28}: 'void java.lang.invoke.DirectMethodHandle$Holder.invokeStatic(java.lang.Object, java.lang.Object)'> (0x0000000713680a28) 
thrown [s\open\src\hotspot\share\interpreter\linkResolver.cpp, line 796]
Event: 0.683 Thread 0x000002541c0bdfb0 Exception <a 'java/lang/NoSuchMethodError'{0x000000071375eae8}: 'void java.lang.invoke.DirectMethodHandle$Holder.invokeStatic(java.lang.Object, java.lang.Object, java.lang.Object, java.lang.Object)'> (0x000000071375eae8) 
thrown [s\open\src\hotspot\share\interpreter\linkResolver.cpp, line 796]
Event: 0.685 Thread 0x000002541c0bdfb0 Exception <a 'java/lang/NoSuchMethodError'{0x00000007137628c0}: 'void java.lang.invoke.DirectMethodHandle$Holder.invokeSpecial(java.lang.Object, java.lang.Object, java.lang.Object, java.lang.Object, java.lang.Object)'> (0x00000007137628c0) 
thrown [s\open\src\hotspot\share\interpreter\linkResolver.cpp, line 796]
Event: 1.159 Thread 0x000002543c429b50 Exception <a 'java/lang/NoSuchMethodError'{0x0000000713032340}: 'java.lang.Object java.lang.invoke.DirectMethodHandle$Holder.invokeStaticInit(java.lang.Object, int)'> (0x0000000713032340) 
thrown [s\open\src\hotspot\share\interpreter\linkResolver.cpp, line 796]
Event: 1.175 Thread 0x000002543c429b50 Exception <a 'sun/nio/fs/WindowsException'{0x000000071312b490}> (0x000000071312b490) 
thrown [s\open\src\hotspot\share\prims\jni.cpp, line 520]
Event: 1.218 Thread 0x000002543c429b50 Exception <a 'java/lang/NoSuchMethodError'{0x0000000713185040}: 'long java.lang.invoke.DirectMethodHandle$Holder.invokeSpecial(java.lang.Object, java.lang.Object)'> (0x0000000713185040) 
thrown [s\open\src\hotspot\share\interpreter\linkResolver.cpp, line 796]
Event: 1.403 Thread 0x000002541c0bdfb0 Exception <a 'java/lang/NoSuchMethodError'{0x0000000712c7d868}: 'void java.lang.invoke.DirectMethodHandle$Holder.invokeSpecial(java.lang.Object, java.lang.Object, java.lang.Object)'> (0x0000000712c7d868) 
thrown [s\open\src\hotspot\share\interpreter\linkResolver.cpp, line 796]
Event: 1.630 Thread 0x000002541c0bdfb0 Exception <a 'java/lang/NoSuchMethodError'{0x0000000712cdb010}: 'int java.lang.invoke.DirectMethodHandle$Holder.invokeStaticInit(java.lang.Object, java.lang.Object, java.lang.Object)'> (0x0000000712cdb010) 
thrown [s\open\src\hotspot\share\interpreter\linkResolver.cpp, line 796]
Event: 1.700 Thread 0x000002541c0bdfb0 Exception <a 'java/lang/NoSuchMethodError'{0x0000000712a3f790}: 'java.lang.Object java.lang.invoke.DirectMethodHandle$Holder.newInvokeSpecial(java.lang.Object, java.lang.Object, int, java.lang.Object)'> (0x0000000712a3f790) 
thrown [s\open\src\hotspot\share\interpreter\linkResolver.cpp, line 796]
Event: 1.701 Thread 0x000002541c0bdfb0 Exception <a 'java/lang/NoSuchMethodError'{0x0000000712a439e0}: 'java.lang.Object java.lang.invoke.DirectMethodHandle$Holder.invokeSpecial(java.lang.Object, java.lang.Object, java.lang.Object, int, java.lang.Object)'> (0x0000000712a439e0) 
thrown [s\open\src\hotspot\share\interpreter\linkResolver.cpp, line 796]
Event: 1.899 Thread 0x000002547e3542f0 Exception <a 'java/lang/NoSuchMethodError'{0x00000007129d2558}: 'void java.lang.invoke.DirectMethodHandle$Holder.invokeStaticInit(java.lang.Object)'> (0x00000007129d2558) 
thrown [s\open\src\hotspot\share\interpreter\linkResolver.cpp, line 796]
Event: 1.914 Thread 0x000002541c0bdfb0 Exception <a 'java/lang/NoSuchMethodError'{0x0000000712a53f40}: 'java.lang.Object java.lang.invoke.DirectMethodHandle$Holder.newInvokeSpecial(java.lang.Object, java.lang.Object, java.lang.Object, java.lang.Object, java.lang.Object, java.lang.Object)'> (0x0000000712a53f40) 
thrown [s\open\src\hotspot\share\interpreter\linkResolver.cpp, line 796]
Event: 1.962 Thread 0x000002547e3542f0 Exception <a 'java/lang/NoSuchMethodError'{0x0000000713e5b310}: 'void java.lang.invoke.DirectMethodHandle$Holder.invokeStatic(java.lang.Object, int, java.lang.Object)'> (0x0000000713e5b310) 
thrown [s\open\src\hotspot\share\interpreter\linkResolver.cpp, line 796]
Event: 2.074 Thread 0x000002547e3542f0 Exception <a 'java/lang/NoSuchMethodError'{0x000000071385d9d0}: 'java.lang.Object java.lang.invoke.DirectMethodHandle$Holder.invokeStaticInit(java.lang.Object, java.lang.Object, java.lang.Object, java.lang.Object)'> (0x000000071385d9d0) 
thrown [s\open\src\hotspot\share\interpreter\linkResolver.cpp, line 796]
Event: 2.077 Thread 0x000002547e3542f0 Exception <a 'java/lang/NullPointerException'{0x000000071386a5c8}> (0x000000071386a5c8) 
thrown [s\open\src\hotspot\share\interpreter\linkResolver.cpp, line 1389]
Event: 2.095 Thread 0x000002547e3542f0 Exception <a 'java/lang/ClassNotFoundException'{0x00000007138d62c0}: com/sun/glass/ui/win/themes> (0x00000007138d62c0) 
thrown [s\open\src\hotspot\share\prims\jni.cpp, line 539]
Event: 2.097 Thread 0x000002547e3542f0 Exception <a 'java/lang/ClassNotFoundException'{0x00000007138e17d0}: com/sun/glass/ui/win/themes_tr> (0x00000007138e17d0) 
thrown [s\open\src\hotspot\share\prims\jni.cpp, line 539]
Event: 2.098 Thread 0x000002547e3542f0 Exception <a 'java/lang/ClassNotFoundException'{0x00000007138e2330}: com/sun/glass/ui/win/themes_tr_TR> (0x00000007138e2330) 
thrown [s\open\src\hotspot\share\prims\jni.cpp, line 539]
Event: 2.343 Thread 0x000002547e3542f0 Exception <a 'java/lang/NoSuchMethodError'{0x00000007133abf98}: 'void java.lang.invoke.DirectMethodHandle$Holder.invokeStaticInit(java.lang.Object, java.lang.Object)'> (0x00000007133abf98) 
thrown [s\open\src\hotspot\share\interpreter\linkResolver.cpp, line 796]

VM Operations (16 events):
Event: 0.433 Executing VM operation: HandshakeAllThreads (Deoptimize)
Event: 0.433 Executing VM operation: HandshakeAllThreads (Deoptimize) done
Event: 1.202 Executing VM operation: HandshakeAllThreads (Deoptimize)
Event: 1.202 Executing VM operation: HandshakeAllThreads (Deoptimize) done
Event: 1.214 Executing VM operation: HandshakeAllThreads (Deoptimize)
Event: 1.214 Executing VM operation: HandshakeAllThreads (Deoptimize) done
Event: 1.229 Executing VM operation: HandshakeAllThreads (Deoptimize)
Event: 1.229 Executing VM operation: HandshakeAllThreads (Deoptimize) done
Event: 1.648 Executing VM operation: HandshakeAllThreads (Deoptimize)
Event: 1.649 Executing VM operation: HandshakeAllThreads (Deoptimize) done
Event: 1.919 Executing VM operation: G1CollectForAllocation (G1 Evacuation Pause)
Event: 1.926 Executing VM operation: G1CollectForAllocation (G1 Evacuation Pause) done
Event: 2.155 Executing VM operation: HandshakeAllThreads (Deoptimize)
Event: 2.155 Executing VM operation: HandshakeAllThreads (Deoptimize) done
Event: 2.360 Executing VM operation: HandshakeAllThreads (Deoptimize)
Event: 2.360 Executing VM operation: HandshakeAllThreads (Deoptimize) done

Memory protections (0 events):
No events

Nmethod flushes (0 events):
No events

Events (20 events):
Event: 0.241 Thread 0x000002543c6d2300 Thread added: 0x000002543c84d260
Event: 0.246 Thread 0x000002543c874ce0 Thread added: 0x000002543c855b20
Event: 0.246 Thread 0x000002543c437600 Thread added: 0x000002543c8565f0
Event: 0.250 Thread 0x000002543c436ce0 Thread added: 0x000002543c85b0d0
Event: 0.640 Thread 0x000002541c0bdfb0 Thread added: 0x000002547e8faff0
Event: 0.640 Thread 0x000002541c0bdfb0 Thread added: 0x000002547e454d10
Event: 0.783 Thread 0x000002543c85b0d0 Thread exited: 0x000002543c85b0d0
Event: 1.410 Thread 0x000002543c8565f0 Thread exited: 0x000002543c8565f0
Event: 1.422 Thread 0x000002541c0bdfb0 Thread added: 0x000002547e352f40
Event: 1.619 Thread 0x000002543c855b20 Thread exited: 0x000002543c855b20
Event: 1.620 Thread 0x000002543c84d260 Thread exited: 0x000002543c84d260
Event: 1.624 Thread 0x000002543c8757b0 Thread exited: 0x000002543c8757b0
Event: 1.698 Thread 0x000002541c0bdfb0 Thread added: 0x000002547e3528b0
Event: 1.707 Thread 0x000002541c0bdfb0 Thread added: 0x000002547e3542f0
Event: 1.944 Thread 0x000002547e3535d0 Thread added: 0x000002547e3535d0
Event: 2.010 Thread 0x000002541c0bdfb0 Thread added: 0x000002547e351500
Event: 2.166 Thread 0x000002543c6d7c70 Thread added: 0x000002547f78da10
Event: 2.183 Thread 0x000002543c6d7c70 Thread added: 0x000002547f71cd40
Event: 2.184 Thread 0x000002543c6d7c70 Thread added: 0x000002547f7b3ef0
Event: 2.184 Thread 0x000002543c6d7c70 Thread added: 0x000002547f732600


Dynamic libraries:
0x00007ff73d040000 - 0x00007ff73d04e000 	C:\Users\emira\.jdks\openjdk-23.0.2\bin\java.exe
0x00007ff8003f0000 - 0x00007ff800607000 	C:\Windows\SYSTEM32\ntdll.dll
0x00007ff800040000 - 0x00007ff800104000 	C:\Windows\System32\KERNEL32.DLL
0x00007ffffd8f0000 - 0x00007ffffdcc0000 	C:\Windows\System32\KERNELBASE.dll
0x00007ffffd690000 - 0x00007ffffd7a1000 	C:\Windows\System32\ucrtbase.dll
0x00007fffe77f0000 - 0x00007fffe7807000 	C:\Users\emira\.jdks\openjdk-23.0.2\bin\jli.dll
0x00007fffe77d0000 - 0x00007fffe77eb000 	C:\Users\emira\.jdks\openjdk-23.0.2\bin\VCRUNTIME140.dll
0x00007fffffd90000 - 0x00007ffffff3e000 	C:\Windows\System32\USER32.dll
0x00007ffffe0a0000 - 0x00007ffffe0c6000 	C:\Windows\System32\win32u.dll
0x00007fffea120000 - 0x00007fffea3b2000 	C:\Windows\WinSxS\amd64_microsoft.windows.common-controls_6595b64144ccf1df_6.0.22621.4830_none_270fe7d773858e80\COMCTL32.dll
0x00007ffffff40000 - 0x00007ffffffe7000 	C:\Windows\System32\msvcrt.dll
0x00007ffffee70000 - 0x00007ffffee99000 	C:\Windows\System32\GDI32.dll
0x00007ffffdf80000 - 0x00007ffffe09b000 	C:\Windows\System32\gdi32full.dll
0x00007ffffde30000 - 0x00007ffffdeca000 	C:\Windows\System32\msvcp_win.dll
0x00007ff800290000 - 0x00007ff8002c1000 	C:\Windows\System32\IMM32.DLL
0x00007ffff6160000 - 0x00007ffff616c000 	C:\Users\emira\.jdks\openjdk-23.0.2\bin\vcruntime140_1.dll
0x00007fffd0f00000 - 0x00007fffd0f8e000 	C:\Users\emira\.jdks\openjdk-23.0.2\bin\msvcp140.dll
0x00007fff29590000 - 0x00007fff2a2e0000 	C:\Users\emira\.jdks\openjdk-23.0.2\bin\server\jvm.dll
0x00007ffffe0d0000 - 0x00007ffffe181000 	C:\Windows\System32\ADVAPI32.dll
0x00007ffffeea0000 - 0x00007ffffef47000 	C:\Windows\System32\sechost.dll
0x00007ffffdf50000 - 0x00007ffffdf78000 	C:\Windows\System32\bcrypt.dll
0x00007fffff860000 - 0x00007fffff974000 	C:\Windows\System32\RPCRT4.dll
0x00007fffff360000 - 0x00007fffff3d1000 	C:\Windows\System32\WS2_32.dll
0x00007ffffd560000 - 0x00007ffffd5ad000 	C:\Windows\SYSTEM32\POWRPROF.dll
0x00007ffff5330000 - 0x00007ffff5364000 	C:\Windows\SYSTEM32\WINMM.dll
0x00007ffff1a60000 - 0x00007ffff1a6a000 	C:\Windows\SYSTEM32\VERSION.dll
0x00007ffffd540000 - 0x00007ffffd553000 	C:\Windows\SYSTEM32\UMPDC.dll
0x00007ffffc630000 - 0x00007ffffc648000 	C:\Windows\SYSTEM32\kernel.appcore.dll
0x00007fffd4be0000 - 0x00007fffd4bea000 	C:\Users\emira\.jdks\openjdk-23.0.2\bin\jimage.dll
0x00007ffffafa0000 - 0x00007ffffb1d2000 	C:\Windows\SYSTEM32\DBGHELP.DLL
0x00007ffffea90000 - 0x00007ffffee20000 	C:\Windows\System32\combase.dll
0x00007ff8002d0000 - 0x00007ff8003a7000 	C:\Windows\System32\OLEAUT32.dll
0x00007fffe3460000 - 0x00007fffe3492000 	C:\Windows\SYSTEM32\dbgcore.DLL
0x00007ffffded0000 - 0x00007ffffdf4b000 	C:\Windows\System32\bcryptPrimitives.dll
0x00007fffd46b0000 - 0x00007fffd46bf000 	C:\Users\emira\.jdks\openjdk-23.0.2\bin\instrument.dll
0x00007fffd0ce0000 - 0x00007fffd0cfe000 	C:\Users\emira\.jdks\openjdk-23.0.2\bin\java.dll
0x00007fffff080000 - 0x00007fffff221000 	C:\Windows\System32\ole32.dll
0x00007ffffe190000 - 0x00007ffffea08000 	C:\Windows\System32\SHELL32.dll
0x00007ffffb590000 - 0x00007ffffbea0000 	C:\Windows\SYSTEM32\windows.storage.dll
0x00007ffffb450000 - 0x00007ffffb58f000 	C:\Windows\SYSTEM32\wintypes.dll
0x00007ffffef70000 - 0x00007fffff07a000 	C:\Windows\System32\SHCORE.dll
0x00007fffffd30000 - 0x00007fffffd8e000 	C:\Windows\System32\shlwapi.dll
0x00007ffffd5c0000 - 0x00007ffffd5eb000 	C:\Windows\SYSTEM32\profapi.dll
0x00007fffa8510000 - 0x00007fffa85e7000 	C:\Users\emira\.jdks\openjdk-23.0.2\bin\jsvml.dll
0x00007fffd42a0000 - 0x00007fffd42b0000 	C:\Users\emira\.jdks\openjdk-23.0.2\bin\net.dll
0x00007ffffcb20000 - 0x00007ffffcb8a000 	C:\Windows\system32\mswsock.dll
0x00007fffcdb40000 - 0x00007fffcdb56000 	C:\Users\emira\.jdks\openjdk-23.0.2\bin\nio.dll
0x00007fffc5cf0000 - 0x00007fffc5d07000 	C:\Users\emira\.jdks\openjdk-23.0.2\bin\zip.dll
0x00007fffbabc0000 - 0x00007fffbabda000 	C:\Program Files\JetBrains\IntelliJ IDEA 2024.1\bin\breakgen64.dll
0x000002541c010000 - 0x000002541c013000 	C:\Users\emira\.openjfx\cache\17.0.6\api-ms-win-core-console-l1-1-0.dll
0x000002541c020000 - 0x000002541c023000 	C:\Users\emira\.openjfx\cache\17.0.6\api-ms-win-core-console-l1-2-0.dll
0x000002541c030000 - 0x000002541c033000 	C:\Users\emira\.openjfx\cache\17.0.6\api-ms-win-core-datetime-l1-1-0.dll
0x000002541c040000 - 0x000002541c043000 	C:\Users\emira\.openjfx\cache\17.0.6\api-ms-win-core-debug-l1-1-0.dll
0x000002541c050000 - 0x000002541c053000 	C:\Users\emira\.openjfx\cache\17.0.6\api-ms-win-core-errorhandling-l1-1-0.dll
0x000002541c060000 - 0x000002541c064000 	C:\Users\emira\.openjfx\cache\17.0.6\api-ms-win-core-file-l1-1-0.dll
0x000002541c070000 - 0x000002541c073000 	C:\Users\emira\.openjfx\cache\17.0.6\api-ms-win-core-file-l1-2-0.dll
0x000002543ca80000 - 0x000002543ca83000 	C:\Users\emira\.openjfx\cache\17.0.6\api-ms-win-core-file-l2-1-0.dll
0x000002543ca90000 - 0x000002543ca93000 	C:\Users\emira\.openjfx\cache\17.0.6\api-ms-win-core-handle-l1-1-0.dll
0x000002543cbd0000 - 0x000002543cbd3000 	C:\Users\emira\.openjfx\cache\17.0.6\api-ms-win-core-heap-l1-1-0.dll
0x000002543cbe0000 - 0x000002543cbe3000 	C:\Users\emira\.openjfx\cache\17.0.6\api-ms-win-core-interlocked-l1-1-0.dll
0x000002543cbf0000 - 0x000002543cbf3000 	C:\Users\emira\.openjfx\cache\17.0.6\api-ms-win-core-libraryloader-l1-1-0.dll
0x000002543cc00000 - 0x000002543cc03000 	C:\Users\emira\.openjfx\cache\17.0.6\api-ms-win-core-localization-l1-2-0.dll
0x000002543ca70000 - 0x000002543ca73000 	C:\Users\emira\.openjfx\cache\17.0.6\api-ms-win-core-memory-l1-1-0.dll
0x000002543caa0000 - 0x000002543caa3000 	C:\Users\emira\.openjfx\cache\17.0.6\api-ms-win-core-namedpipe-l1-1-0.dll
0x000002543cab0000 - 0x000002543cab3000 	C:\Users\emira\.openjfx\cache\17.0.6\api-ms-win-core-processenvironment-l1-1-0.dll
0x000002543cac0000 - 0x000002543cac3000 	C:\Users\emira\.openjfx\cache\17.0.6\api-ms-win-core-processthreads-l1-1-0.dll
0x000002543cad0000 - 0x000002543cad3000 	C:\Users\emira\.openjfx\cache\17.0.6\api-ms-win-core-processthreads-l1-1-1.dll
0x000002543cae0000 - 0x000002543cae3000 	C:\Users\emira\.openjfx\cache\17.0.6\api-ms-win-core-profile-l1-1-0.dll
0x000002543c960000 - 0x000002543c963000 	C:\Users\emira\.openjfx\cache\17.0.6\api-ms-win-core-rtlsupport-l1-1-0.dll
0x000002543c970000 - 0x000002543c973000 	C:\Users\emira\.openjfx\cache\17.0.6\api-ms-win-core-string-l1-1-0.dll
0x000002543c980000 - 0x000002543c983000 	C:\Users\emira\.openjfx\cache\17.0.6\api-ms-win-core-synch-l1-1-0.dll
0x000002543c990000 - 0x000002543c993000 	C:\Users\emira\.openjfx\cache\17.0.6\api-ms-win-core-synch-l1-2-0.dll
0x000002543c9a0000 - 0x000002543c9a3000 	C:\Users\emira\.openjfx\cache\17.0.6\api-ms-win-core-sysinfo-l1-1-0.dll
0x000002543c9b0000 - 0x000002543c9b3000 	C:\Users\emira\.openjfx\cache\17.0.6\api-ms-win-core-timezone-l1-1-0.dll
0x000002543c9c0000 - 0x000002543c9c3000 	C:\Users\emira\.openjfx\cache\17.0.6\api-ms-win-core-util-l1-1-0.dll
0x000002543c9d0000 - 0x000002543c9d3000 	C:\Users\emira\.openjfx\cache\17.0.6\api-ms-win-crt-conio-l1-1-0.dll
0x000002543c9e0000 - 0x000002543c9e4000 	C:\Users\emira\.openjfx\cache\17.0.6\api-ms-win-crt-convert-l1-1-0.dll
0x000002543c9f0000 - 0x000002543c9f3000 	C:\Users\emira\.openjfx\cache\17.0.6\api-ms-win-crt-environment-l1-1-0.dll
0x000002543ca00000 - 0x000002543ca03000 	C:\Users\emira\.openjfx\cache\17.0.6\api-ms-win-crt-filesystem-l1-1-0.dll
0x000002543ca10000 - 0x000002543ca13000 	C:\Users\emira\.openjfx\cache\17.0.6\api-ms-win-crt-heap-l1-1-0.dll
0x000002543ca20000 - 0x000002543ca23000 	C:\Users\emira\.openjfx\cache\17.0.6\api-ms-win-crt-locale-l1-1-0.dll
0x000002543ca30000 - 0x000002543ca35000 	C:\Users\emira\.openjfx\cache\17.0.6\api-ms-win-crt-math-l1-1-0.dll
0x000002543ca40000 - 0x000002543ca45000 	C:\Users\emira\.openjfx\cache\17.0.6\api-ms-win-crt-multibyte-l1-1-0.dll
0x000002543ca50000 - 0x000002543ca60000 	C:\Users\emira\.openjfx\cache\17.0.6\api-ms-win-crt-private-l1-1-0.dll
0x000002543ca60000 - 0x000002543ca63000 	C:\Users\emira\.openjfx\cache\17.0.6\api-ms-win-crt-process-l1-1-0.dll
0x000002543caf0000 - 0x000002543caf4000 	C:\Users\emira\.openjfx\cache\17.0.6\api-ms-win-crt-runtime-l1-1-0.dll
0x000002543cb00000 - 0x000002543cb04000 	C:\Users\emira\.openjfx\cache\17.0.6\api-ms-win-crt-stdio-l1-1-0.dll
0x000002543cb10000 - 0x000002543cb14000 	C:\Users\emira\.openjfx\cache\17.0.6\api-ms-win-crt-string-l1-1-0.dll
0x000002543cb20000 - 0x000002543cb23000 	C:\Users\emira\.openjfx\cache\17.0.6\api-ms-win-crt-time-l1-1-0.dll
0x000002543cb30000 - 0x000002543cb33000 	C:\Users\emira\.openjfx\cache\17.0.6\api-ms-win-crt-utility-l1-1-0.dll
0x00007fff881c0000 - 0x00007fff882bc000 	C:\Users\emira\.openjfx\cache\17.0.6\ucrtbase.dll
0x00007fffb30a0000 - 0x00007fffb30ba000 	C:\Users\emira\.openjfx\cache\17.0.6\vcruntime140.dll
0x00007fffcee90000 - 0x00007fffcee9c000 	C:\Users\emira\.openjfx\cache\17.0.6\vcruntime140_1.dll
0x00007fffa3c10000 - 0x00007fffa3c9d000 	C:\Users\emira\.openjfx\cache\17.0.6\msvcp140.dll
0x00007fffce900000 - 0x00007fffce909000 	C:\Users\emira\.openjfx\cache\17.0.6\msvcp140_1.dll
0x00007fffb3070000 - 0x00007fffb309f000 	C:\Users\emira\.openjfx\cache\17.0.6\msvcp140_2.dll
0x00007fffaac20000 - 0x00007fffaac4a000 	C:\Users\emira\.openjfx\cache\17.0.6\prism_d3d.dll
0x00007fffc0610000 - 0x00007fffc07b8000 	C:\Windows\system32\d3d9.dll
0x00007ffffa7b0000 - 0x00007ffffa7db000 	C:\Windows\SYSTEM32\dwmapi.dll
0x00007ffffa650000 - 0x00007ffffa687000 	C:\Windows\SYSTEM32\dxcore.dll
0x00007ffffa530000 - 0x00007ffffa5e1000 	C:\Windows\system32\uxtheme.dll
0x00007fffc5e10000 - 0x00007fffc5ec0000 	C:\Windows\SYSTEM32\d3d9on12.dll
0x00007ffffa6a0000 - 0x00007ffffa797000 	C:\Windows\SYSTEM32\dxgi.dll
0x00007fffcf200000 - 0x00007fffcf226000 	C:\Windows\SYSTEM32\d3d12.dll
0x00007ffffd290000 - 0x00007ffffd2de000 	C:\Windows\SYSTEM32\cfgmgr32.dll
0x00007fffbb390000 - 0x00007fffbb592000 	C:\Windows\SYSTEM32\D3D12Core.dll
0x00007fffcdb10000 - 0x00007fffcdb34000 	C:\Windows\System32\DriverStore\FileRepository\iigd_dch.inf_amd64_8790abc65238323a\igd12umd64.dll
0x00007fffb4020000 - 0x00007fffb4c4c000 	C:\Windows\System32\DriverStore\FileRepository\iigd_dch.inf_amd64_8790abc65238323a\igd12um64xel.dll
0x00007ffffdcc0000 - 0x00007ffffde26000 	C:\Windows\System32\CRYPT32.dll
0x00007fffeead0000 - 0x00007fffeeee2000 	C:\Windows\System32\DriverStore\FileRepository\iigd_dch.inf_amd64_8790abc65238323a\igdgmm64.dll
0x00007fffeef70000 - 0x00007fffeefaa000 	C:\Windows\SYSTEM32\ControlLib.dll
0x00007fffff3e0000 - 0x00007fffff854000 	C:\Windows\System32\SETUPAPI.dll
0x00007ffffd260000 - 0x00007ffffd28c000 	C:\Windows\SYSTEM32\DEVOBJ.dll
0x00007fffeeef0000 - 0x00007fffeef61000 	C:\Windows\System32\DriverStore\FileRepository\iigd_dch.inf_amd64_8790abc65238323a\IntelControlLib.dll
0x00007ffffd870000 - 0x00007ffffd8e2000 	C:\Windows\System32\WINTRUST.dll
0x00007ffffce00000 - 0x00007ffffce12000 	C:\Windows\SYSTEM32\MSASN1.dll
0x00007ffff19a0000 - 0x00007ffff19e9000 	C:\Windows\SYSTEM32\directxdatabasehelper.dll
0x00007fffea690000 - 0x00007fffeeace000 	C:\Windows\System32\DriverStore\FileRepository\iigd_dch.inf_amd64_8790abc65238323a\igc64.dll
0x00007fffcd9d0000 - 0x00007fffcd9ff000 	C:\Windows\SYSTEM32\D3DSCache.dll
0x00007ffffcc20000 - 0x00007ffffcc48000 	C:\Windows\SYSTEM32\USERENV.dll
0x00007fff98b70000 - 0x00007fff9de33000 	C:\Windows\System32\DriverStore\FileRepository\iigd_dch.inf_amd64_8790abc65238323a\igd12dxva64.dll
0x00007fffca400000 - 0x00007fffca427000 	C:\Windows\System32\DriverStore\FileRepository\iigd_dch.inf_amd64_8790abc65238323a\igdinfo64.dll
0x00007fffe6be0000 - 0x00007fffe6e85000 	C:\Windows\SYSTEM32\twinapi.appcore.dll
0x00007fffa84a0000 - 0x00007fffa84e2000 	C:\Users\emira\.openjfx\cache\17.0.6\glass.dll
0x00007ff800110000 - 0x00007ff800212000 	C:\Windows\System32\COMDLG32.dll
0x00007fffffbd0000 - 0x00007fffffd2f000 	C:\Windows\System32\MSCTF.dll
0x00007fffb3050000 - 0x00007fffb3064000 	C:\Users\emira\.openjfx\cache\17.0.6\javafx_font.dll

dbghelp: loaded successfully - version: 4.0.5 - missing functions: none
symbol engine: initialized successfully - sym options: 0x614 - pdb path: .;C:\Users\emira\.jdks\openjdk-23.0.2\bin;C:\Windows\SYSTEM32;C:\Windows\WinSxS\amd64_microsoft.windows.common-controls_6595b64144ccf1df_6.0.22621.4830_none_270fe7d773858e80;C:\Users\emira\.jdks\openjdk-23.0.2\bin\server;C:\Program Files\JetBrains\IntelliJ IDEA 2024.1\bin;C:\Users\emira\.openjfx\cache\17.0.6;C:\Windows\System32\DriverStore\FileRepository\iigd_dch.inf_amd64_8790abc65238323a

VM Arguments:
jvm_args: --enable-preview -javaagent:C:\Program Files\JetBrains\IntelliJ IDEA 2024.1\lib\idea_rt.jar=12481:C:\Program Files\JetBrains\IntelliJ IDEA 2024.1\bin -Dfile.encoding=UTF-8 -Dsun.stdout.encoding=UTF-8 -Dsun.stderr.encoding=UTF-8 --module-path=C:\Users\emira\IdeaProjects\CE216Project\lib\json-20250107.jar;C:\Users\emira\.m2\repository\org\openjfx\javafx-graphics\17.0.6\javafx-graphics-17.0.6-win.jar;C:\Users\emira\.m2\repository\org\openjfx\javafx-controls\17.0.6\javafx-controls-17.0.6-win.jar;C:\Users\emira\.m2\repository\org\openjfx\javafx-fxml\17.0.6\javafx-fxml-17.0.6-win.jar;C:\Users\emira\IdeaProjects\CE216Project\target\classes;C:\Users\emira\.m2\repository\org\openjfx\javafx-base\17.0.6\javafx-base-17.0.6-win.jar -Djdk.module.main=com.example.ce216project 
java_command: com.example.ce216project/com.example.ce216project.ArtifactCatalogApp
java_class_path (initial): C:\Users\emira\.m2\repository\org\openjfx\javafx-controls\17.0.6\javafx-controls-17.0.6.jar;C:\Users\emira\.m2\repository\org\openjfx\javafx-graphics\17.0.6\javafx-graphics-17.0.6.jar;C:\Users\emira\.m2\repository\org\openjfx\javafx-base\17.0.6\javafx-base-17.0.6.jar;C:\Users\emira\.m2\repository\org\openjfx\javafx-fxml\17.0.6\javafx-fxml-17.0.6.jar
Launcher Type: SUN_STANDARD

[Global flags]
     intx CICompilerCount                          = 12                                        {product} {ergonomic}
     uint ConcGCThreads                            = 4                                         {product} {ergonomic}
     uint G1ConcRefinementThreads                  = 15                                        {product} {ergonomic}
   size_t G1HeapRegionSize                         = 2097152                                   {product} {ergonomic}
   size_t InitialHeapSize                          = 264241152                                 {product} {ergonomic}
   size_t MarkStackSize                            = 4194304                                   {product} {ergonomic}
   size_t MarkStackSizeMax                         = 536870912                                 {product} {ergonomic}
   size_t MaxHeapSize                              = 4223664128                                {product} {ergonomic}
   size_t MaxNewSize                               = 2533359616                                {product} {ergonomic}
   size_t MinHeapDeltaBytes                        = 2097152                                   {product} {ergonomic}
   size_t MinHeapSize                              = 8388608                                   {product} {ergonomic}
    uintx NonNMethodCodeHeapSize                   = 7602176                                {pd product} {ergonomic}
    uintx NonProfiledCodeHeapSize                  = 122093568                              {pd product} {ergonomic}
    uintx ProfiledCodeHeapSize                     = 121962496                              {pd product} {ergonomic}
    uintx ReservedCodeCacheSize                    = 251658240                              {pd product} {ergonomic}
     bool SegmentedCodeCache                       = true                                      {product} {ergonomic}
   size_t SoftMaxHeapSize                          = 4223664128                             {manageable} {ergonomic}
     bool UseCompressedOops                        = true                           {product lp64_product} {ergonomic}
     bool UseG1GC                                  = true                                      {product} {ergonomic}
     bool UseLargePagesIndividualAllocation        = false                                  {pd product} {ergonomic}

Logging:
Log output configuration:
 #0: stdout all=warning uptime,level,tags foldmultilines=false
 #1: stderr all=off uptime,level,tags foldmultilines=false

Environment Variables:
PATH=C:\Program Files\Common Files\Oracle\Java\javapath;"C:\xampp\php;C:\Program Files\Common Files\Oracle\Java\javapath";C:\Windows\System32\HWAudioDriverLibs;C:\Windows\system32;C:\Windows;C:\Windows\System32\Wbem;C:\Windows\System32\WindowsPowerShell\v1.0\;C:\Windows\System32\OpenSSH\;C:\Users\Administrator\AppData\Local\Microsoft\WindowsApps;C:\Windows\system32\config\systemprofile\AppData\Local\Microsoft\WindowsApps;C:\windows\system32\HWAudioDriver\;C:\Program Files\Git\cmd;C:\Users\emira\AppData\Local\Programs\Python\Python313\Scripts\;C:\Users\emira\AppData\Local\Programs\Python\Python313\;C:\Users\emira\AppData\Local\Programs\Python\Launcher\;C:\Users\emira\AppData\Local\Microsoft\WindowsApps;C:\Program Files\Java\jdk-20\bin;C:\Users\emira\AppData\Local\GitHubDesktop\bin;C:\Users\emira\AppData\Local\Programs\Microsoft VS Code\bin;C:\Program Files\JetBrains\IntelliJ IDEA 2024.1\bin;;C:\flutter\bin;C:\Users\emira\AppData\Local\Programs\Python\Python313\;C:\Users\emira\AppData\Local\Programs\Python\Python313\Scripts\;C:\Users\emira\Downloads\sqlite-tools-win-x64-202501281250;C:\Users\emira\AppData\Local\Android\Sdk\platform-tools;C:\Users\emira\AppData\Local\Android\Sdk\tools;C:\Users\emira\AppData\Local\Android\Sdk\tools\bin;
USERNAME=emira
OS=Windows_NT
PROCESSOR_IDENTIFIER=Intel64 Family 6 Model 154 Stepping 3, GenuineIntel
TMP=C:\Users\emira\AppData\Local\Temp
TEMP=C:\Users\emira\AppData\Local\Temp




Periodic native trim disabled

---------------  S Y S T E M  ---------------

OS:
 Windows 11 , 64 bit Build 22621 (10.0.22621.4830)
OS uptime: 18 days 0:49 hours
Hyper-V role detected

CPU: total 20 (initial active 20) (10 cores per cpu, 2 threads per core) family 6 model 154 stepping 3 microcode 0x41e, cx8, cmov, fxsr, ht, mmx, 3dnowpref, sse, sse2, sse3, ssse3, sse4.1, sse4.2, popcnt, lzcnt, tsc, tscinvbit, avx, avx2, aes, erms, clmul, bmi1, bmi2, adx, sha, fma, vzeroupper, clflush, clflushopt, clwb, hv, serialize, rdtscp, rdpid, fsrm, gfni, f16c, cet_ibt, cet_ss
Processor Information for processor 0
  Max Mhz: 2300, Current Mhz: 2300, Mhz Limit: 2300
Processor Information for processor 1
  Max Mhz: 2300, Current Mhz: 2300, Mhz Limit: 2300
Processor Information for processor 2
  Max Mhz: 2300, Current Mhz: 2300, Mhz Limit: 2300
Processor Information for processor 3
  Max Mhz: 2300, Current Mhz: 1506, Mhz Limit: 2300
Processor Information for processor 4
  Max Mhz: 2300, Current Mhz: 2300, Mhz Limit: 2300
Processor Information for processor 5
  Max Mhz: 2300, Current Mhz: 2300, Mhz Limit: 2300
Processor Information for processor 6
  Max Mhz: 2300, Current Mhz: 2300, Mhz Limit: 2300
Processor Information for processor 7
  Max Mhz: 2300, Current Mhz: 2300, Mhz Limit: 2300
Processor Information for processor 8
  Max Mhz: 2300, Current Mhz: 2300, Mhz Limit: 2300
Processor Information for processor 9
  Max Mhz: 2300, Current Mhz: 2300, Mhz Limit: 2300
Processor Information for processor 10
  Max Mhz: 2300, Current Mhz: 2300, Mhz Limit: 2300
Processor Information for processor 11
  Max Mhz: 2300, Current Mhz: 2300, Mhz Limit: 2300
Processor Information for processor 12
  Max Mhz: 2300, Current Mhz: 1500, Mhz Limit: 1679
Processor Information for processor 13
  Max Mhz: 2300, Current Mhz: 1500, Mhz Limit: 1679
Processor Information for processor 14
  Max Mhz: 2300, Current Mhz: 1500, Mhz Limit: 1679
Processor Information for processor 15
  Max Mhz: 2300, Current Mhz: 1500, Mhz Limit: 1679
Processor Information for processor 16
  Max Mhz: 2300, Current Mhz: 1500, Mhz Limit: 1679
Processor Information for processor 17
  Max Mhz: 2300, Current Mhz: 1700, Mhz Limit: 1679
Processor Information for processor 18
  Max Mhz: 2300, Current Mhz: 1500, Mhz Limit: 1679
Processor Information for processor 19
  Max Mhz: 2300, Current Mhz: 1500, Mhz Limit: 1679

Memory: 4k page, system-wide physical 16110M (1385M free)
TotalPageFile size 22619M (AvailPageFile size 2M)
current process WorkingSet (physical memory assigned to process): 190M, peak: 190M
current process commit charge ("private bytes"): 494M, peak: 494M

vm_info: OpenJDK 64-Bit Server VM (23.0.2+7-58) for windows-amd64 JRE (23.0.2+7-58), built on 2024-11-29T09:34:55Z with MS VC++ 17.6 (VS2022)

END.
